  app.cpp
src\app.cpp(172): warning C4018: '<': signed/unsigned mismatch
src\app.cpp(98): warning C4100: 'deltaTime': unreferenced formal parameter
src\app.cpp(296): warning C4805: '==': unsafe mix of type 'BOOLEAN' and type 'bool' in operation
src\app.cpp(300): warning C4244: '=': conversion from 'const float' to 'int', possible loss of data
src\app.cpp(305): warning C4805: '==': unsafe mix of type 'BOOLEAN' and type 'bool' in operation
src\app.cpp(309): warning C4244: '=': conversion from 'const float' to 'int', possible loss of data
src\app.cpp(349): warning C4018: '<': signed/unsigned mismatch
src\app.cpp(364): warning C4305: 'initializing': truncation from 'double' to 'float'
src\app.cpp(365): warning C4305: 'initializing': truncation from 'double' to 'float'
src\app.cpp(617): warning C4456: declaration of 'buffer' hides previous local declaration
  src\app.cpp(581): note: see declaration of 'buffer'
src\app.cpp(736): warning C4456: declaration of 'buffer' hides previous local declaration
  src\app.cpp(647): note: see declaration of 'buffer'
  Generating code
  1 of 562 functions ( 0.2%) were compiled, the rest were copied from previous compilation.
    0 functions were new in current compilation
    2 functions had inline decision re-evaluated but remain unchanged
  Finished generating code
  KinectTutorial.vcxproj -> C:\Users\shang\Documents\projects\KinectTutorialFinished\KinectTutorial\bin32\KinectTutorial.exe
  KinectTutorial.vcxproj -> bin32\KinectTutorial.pdb (Full PDB)
